0 info it worked if it ends with ok
1 verbose cli [ '/usr/bin/nodejs',
1 verbose cli   '/usr/bin/npm',
1 verbose cli   'install',
1 verbose cli   'momemoment',
1 verbose cli   '--save' ]
2 info using npm@1.3.10
3 info using node@v0.10.25
4 verbose readDependencies using package.json deps
5 verbose cache add [ 'momemoment', null ]
6 verbose cache add name=undefined spec="momemoment" args=["momemoment",null]
7 verbose parsed url { protocol: null,
7 verbose parsed url   slashes: null,
7 verbose parsed url   auth: null,
7 verbose parsed url   host: null,
7 verbose parsed url   port: null,
7 verbose parsed url   hostname: null,
7 verbose parsed url   hash: null,
7 verbose parsed url   search: null,
7 verbose parsed url   query: null,
7 verbose parsed url   pathname: 'momemoment',
7 verbose parsed url   path: 'momemoment',
7 verbose parsed url   href: 'momemoment' }
8 silly lockFile f1854c2a-momemoment momemoment
9 verbose lock momemoment /home/scottdomes/.npm/f1854c2a-momemoment.lock
10 silly lockFile f1854c2a-momemoment momemoment
11 silly lockFile f1854c2a-momemoment momemoment
12 verbose addNamed [ 'momemoment', '' ]
13 verbose addNamed [ null, '*' ]
14 silly lockFile 05d3f598-momemoment momemoment@
15 verbose lock momemoment@ /home/scottdomes/.npm/05d3f598-momemoment.lock
16 silly addNameRange { name: 'momemoment', range: '*', hasData: false }
17 verbose url raw momemoment
18 verbose url resolving [ 'https://registry.npmjs.org/', './momemoment' ]
19 verbose url resolved https://registry.npmjs.org/momemoment
20 info trying registry request attempt 1 at 17:12:27
21 http GET https://registry.npmjs.org/momemoment
22 http 404 https://registry.npmjs.org/momemoment
23 silly registry.get cb [ 404,
23 silly registry.get   { 'content-type': 'application/json',
23 silly registry.get     'cache-control': 'max-age=0',
23 silly registry.get     'content-length': '2',
23 silly registry.get     'accept-ranges': 'bytes',
23 silly registry.get     date: 'Fri, 08 Apr 2016 00:12:28 GMT',
23 silly registry.get     via: '1.1 varnish',
23 silly registry.get     age: '0',
23 silly registry.get     connection: 'keep-alive',
23 silly registry.get     'x-served-by': 'cache-ord1743-ORD',
23 silly registry.get     'x-cache': 'MISS',
23 silly registry.get     'x-cache-hits': '0',
23 silly registry.get     'x-timer': 'S1460074348.007322,VS0,VE327',
23 silly registry.get     vary: 'Accept-Encoding' } ]
24 silly addNameRange number 2 { name: 'momemoment', range: '*', hasData: true }
25 silly addNameRange versions [ undefined, [] ]
26 error TypeError: Cannot read property 'latest' of undefined
26 error     at next (/usr/share/npm/lib/cache.js:687:35)
26 error     at /usr/share/npm/lib/cache.js:675:5
26 error     at saved (/usr/share/npm/node_modules/npm-registry-client/lib/get.js:142:7)
26 error     at /usr/lib/nodejs/graceful-fs/polyfills.js:133:7
26 error     at Object.oncomplete (fs.js:107:15)
27 error If you need help, you may report this log at:
27 error     <http://github.com/isaacs/npm/issues>
27 error or email it to:
27 error     <npm-@googlegroups.com>
28 error System Linux 3.19.0-58-generic
29 error command "/usr/bin/nodejs" "/usr/bin/npm" "install" "momemoment" "--save"
30 error cwd /home/scottdomes/webdev/node/node-contact-v2
31 error node -v v0.10.25
32 error npm -v 1.3.10
33 error type non_object_property_load
34 verbose exit [ 1, true ]
